<?xml version="1.0" encoding="UTF-8"?>
<!-- Generated by org.testng.reporters.JUnitReportReporter -->
<testsuite hostname="LAPTOP-PEV6VONM" failures="0" tests="1" name="SeleniumTechfios.TeachfiosHybrideFrameworkHWTest.AddContactTest" time="15.384" errors="0" timestamp="27 Sep 2018 21:42:37 GMT">
  <testcase classname="SeleniumTechfios.TeachfiosHybrideFrameworkHWTest.AddContactTest" name="AddContactInformation" time="15.384"/>
</testsuite> <!-- SeleniumTechfios.TeachfiosHybrideFrameworkHWTest.AddContactTest -->
